2020-11-01 03:29:56.760 [main] DEBUG io.github.bonigarcia.wdm.Preferences - Preference chrome=86 (valid until 2020-11-02 03:05:28)
2020-11-01 03:29:56.764 [main] DEBUG io.github.bonigarcia.wdm.Preferences - Preference chrome86=86.0.4240.22 (valid until 2020-11-02 03:05:28)
2020-11-01 03:29:56.765 [main] INFO  io.github.bonigarcia.wdm.WebDriverManager - Using chromedriver 86.0.4240.22 (since Google Chrome 86 is installed in your machine)
2020-11-01 03:29:56.779 [main] DEBUG io.github.bonigarcia.wdm.WebDriverManager - Driver chromedriver 86.0.4240.22 found in cache
2020-11-01 03:29:56.781 [main] INFO  io.github.bonigarcia.wdm.WebDriverManager - Exporting webdriver.chrome.driver as /Users/lena/.m2/repository/webdriver/chromedriver/mac64/86.0.4240.22/chromedriver
2020-11-01 03:30:00.913 [main] INFO  pages.BasePage - Clicking element with xpath: //a[@class='site-nav__link site-nav__link--main'][text()='Home']
2020-11-01 03:30:01.339 [main] INFO  pages.BasePage - Check element with xpath exists: //img[@itemprop='logo']
2020-11-01 03:30:02.241 [main] INFO  pages.BasePage - Clicking element with xpath: //a[@class='site-nav__link site-nav__link--main'][text()='Español']
2020-11-01 03:30:03.304 [main] INFO  pages.BasePage - Check element with xpath exists: //div[@class='section-header text-center']//h1[contains(text(),'Spanish')]
2020-11-01 03:30:04.086 [main] INFO  pages.BasePage - Clicking element with xpath: //a[@class='site-nav__link site-nav__link--main'][text()='Français']
2020-11-01 03:30:04.941 [main] INFO  pages.BasePage - Check element with xpath exists: //div[@class='section-header text-center']//h1[contains(text(),'Français')]
2020-11-01 03:30:06.217 [main] INFO  pages.BasePage - Clicking element with xpath: //a[@class='site-nav__link site-nav__link--main'][text()='Blog']
2020-11-01 03:30:06.906 [main] INFO  pages.BasePage - Check element with xpath exists: //header[@class='section-header text-center']//h1[contains(text(),'Blog')]
2020-11-01 03:30:07.750 [main] INFO  pages.BasePage - Clicking element with xpath: //a[@class='site-nav__link site-nav__link--main'][text()='FAQs']
2020-11-01 03:30:08.557 [main] INFO  pages.BasePage - Check element with xpath exists: //div[@class='section-header text-center']//h1[contains(text(),'FAQ/addition')]
2020-11-01 03:30:09.404 [main] INFO  pages.BasePage - Clicking element with xpath: //a[@class='site-nav__link site-nav__link--main'][text()='Contact us']
2020-11-01 03:30:10.042 [main] INFO  pages.BasePage - Check element with xpath exists: //h1[text()='Contact us']
2020-11-01 03:30:10.694 [main] INFO  MainPageTest - Video from the Resources page load test
2020-11-01 03:30:10.694 [main] INFO  pages.BasePage - Clicking element with xpath: //a[@class='site-nav__link site-nav__link--main'][@aria-controls='SiteNavLabel-resources']
2020-11-01 03:30:10.777 [main] INFO  pages.BasePage - Clicking element with xpath: //a[@class='site-nav__link site-nav__child-link'][text()='Videos']
2020-11-01 03:30:14.505 [main] INFO  MainPageTest - Language Page opening Test
2020-11-01 03:30:14.505 [main] INFO  pages.BasePage - Clicking element with xpath: //a[@href='/collections'][@aria-controls='SiteNavLabel-books-by-language']
2020-11-01 03:30:14.565 [main] INFO  pages.BasePage - Clicking element with xpath: //div[@id='SiteNavLabel-books-by-language']//a[contains(text(), 'Hebrew')]
2020-11-01 03:30:16.393 [main] INFO  pages.BasePage - Check element with xpath exists: //div[@class='section-header text-center']//h1[contains(text(),'Hebrew')]
2020-11-01 03:30:17.160 [main] INFO  MainPageTest - Language Page opening Test
2020-11-01 03:30:17.161 [main] INFO  pages.BasePage - Clicking element with xpath: //a[@href='/collections'][@aria-controls='SiteNavLabel-books-by-language']
2020-11-01 03:30:17.222 [main] INFO  pages.BasePage - Clicking element with xpath: //div[@id='SiteNavLabel-books-by-language']//a[contains(text(), 'Russian')]
2020-11-01 03:30:18.605 [main] INFO  pages.BasePage - Check element with xpath exists: //div[@class='section-header text-center']//h1[contains(text(),'Russian')]
2020-11-01 03:30:22.057 [main] INFO  MainPageTest - Language Page opening Test
2020-11-01 03:30:22.058 [main] INFO  pages.BasePage - Clicking element with xpath: //a[@href='/collections/ebooks'][@aria-controls='SiteNavLabel-ebooks-by-language']
2020-11-01 03:30:22.198 [main] INFO  pages.BasePage - Clicking element with xpath: //div[@id='SiteNavLabel-ebooks-by-language']//a[contains(text(), 'Hebrew')]
2020-11-01 03:30:24.767 [main] INFO  pages.BasePage - Check element with xpath exists: //div[@class='section-header text-center']//h1[contains(text(),'eBooks in Hebrew')]
2020-11-01 03:30:25.697 [main] INFO  MainPageTest - Language Page opening Test
2020-11-01 03:30:25.697 [main] INFO  pages.BasePage - Clicking element with xpath: //a[@href='/collections/ebooks'][@aria-controls='SiteNavLabel-ebooks-by-language']
2020-11-01 03:30:25.770 [main] INFO  pages.BasePage - Clicking element with xpath: //div[@id='SiteNavLabel-ebooks-by-language']//a[contains(text(), 'Russian')]
2020-11-01 03:30:27.651 [main] INFO  pages.BasePage - Check element with xpath exists: //div[@class='section-header text-center']//h1[contains(text(),'eBooks in Russian')]
2020-11-01 03:30:28.417 [main] INFO  MainPageTest - Language Page opening Test
2020-11-01 03:30:28.417 [main] INFO  pages.BasePage - Clicking element with xpath: //a[@href='/collections'][@aria-controls='SiteNavLabel-all-languages']
2020-11-01 03:30:28.474 [main] INFO  pages.BasePage - Clicking element with xpath: //div[@id='SiteNavLabel-all-languages']//a[contains(text(), 'Hebrew')]
2020-11-01 03:30:30.476 [main] INFO  pages.BasePage - Check element with xpath exists: //div[@class='section-header text-center']//h1[contains(text(),'Hebrew')]
2020-11-01 03:30:31.466 [main] INFO  MainPageTest - Language Page opening Test
2020-11-01 03:30:31.467 [main] INFO  pages.BasePage - Clicking element with xpath: //a[@href='/collections'][@aria-controls='SiteNavLabel-all-languages']
2020-11-01 03:30:31.556 [main] INFO  pages.BasePage - Clicking element with xpath: //div[@id='SiteNavLabel-all-languages']//a[contains(text(), 'Russian')]
2020-11-01 03:30:33.100 [main] INFO  pages.BasePage - Check element with xpath exists: //div[@class='section-header text-center']//h1[contains(text(),'Russian')]
2020-11-01 03:30:33.841 [main] INFO  MainPageTest - Language Page opening Test
2020-11-01 03:30:33.842 [main] INFO  pages.BasePage - Clicking element with xpath: //a[@href='/collections'][@aria-controls='SiteNavLabel-books-by-language']
2020-11-01 03:30:33.920 [main] INFO  pages.BasePage - Clicking element with xpath: //div[@id='SiteNavLabel-books-by-language']//a[contains(text(), 'Danish')]
2020-11-01 03:30:35.878 [main] INFO  pages.BasePage - Check element with xpath exists: //div[@class='section-header text-center']//h1[contains(text(),'Danish')]
2020-11-01 03:30:36.820 [main] INFO  MainPageTest - Language Page opening Test
2020-11-01 03:30:36.821 [main] INFO  pages.BasePage - Clicking element with xpath: //a[@href='/collections/ebooks'][@aria-controls='SiteNavLabel-ebooks-by-language']
2020-11-01 03:30:36.888 [main] INFO  pages.BasePage - Clicking element with xpath: //div[@id='SiteNavLabel-ebooks-by-language']//a[contains(text(), 'Danish')]
2020-11-01 03:30:38.625 [main] INFO  pages.BasePage - Check element with xpath exists: //div[@class='section-header text-center']//h1[contains(text(),'eBooks in Danish')]
2020-11-01 03:30:39.433 [main] INFO  MainPageTest - Blog from the Resources page load test
2020-11-01 03:30:39.434 [main] INFO  pages.BasePage - Clicking element with xpath: //a[@class='site-nav__link site-nav__link--main'][@aria-controls='SiteNavLabel-resources']
2020-11-01 03:30:39.507 [main] INFO  pages.BasePage - Clicking element with xpath: //a[@class='site-nav__link site-nav__link--main'][text()='Blog']
2020-11-01 03:30:41.794 [main] INFO  MainPageTest - Main page load test
2020-11-01 03:30:41.794 [main] INFO  pages.BasePage - Check element with xpath exists: //img[@itemprop='logo']
2020-11-01 03:30:43.733 [main] DEBUG io.github.bonigarcia.wdm.Preferences - Preference chrome=86 (valid until 2020-11-02 03:05:28)
2020-11-01 03:30:43.734 [main] DEBUG io.github.bonigarcia.wdm.Preferences - Preference chrome86=86.0.4240.22 (valid until 2020-11-02 03:05:28)
2020-11-01 03:30:43.734 [main] INFO  io.github.bonigarcia.wdm.WebDriverManager - Using chromedriver 86.0.4240.22 (since Google Chrome 86 is installed in your machine)
2020-11-01 03:30:43.741 [main] DEBUG io.github.bonigarcia.wdm.WebDriverManager - Driver chromedriver 86.0.4240.22 found in cache
2020-11-01 03:30:43.744 [main] INFO  io.github.bonigarcia.wdm.WebDriverManager - Exporting webdriver.chrome.driver as /Users/lena/.m2/repository/webdriver/chromedriver/mac64/86.0.4240.22/chromedriver
2020-11-01 03:30:49.269 [main] INFO  pages.BasePage - Clicking element with xpath: //*[@id='AddToCartText-product-template']
2020-11-01 03:30:51.816 [main] INFO  pages.UpperRightMenu - Login page is opened
2020-11-01 03:30:51.817 [main] INFO  pages.BasePage - Clicking element with xpath: //a[@class='site-header__account']
2020-11-01 03:30:54.827 [main] INFO  pages.BasePage - Clicking element with xpath: //*[@id='AddToCartText-product-template']
2020-11-01 03:30:55.630 [main] INFO  pages.BasePage - Clicking element with xpath: //a[@class = 'btn btn--small btn--secondary cart__remove']
2020-11-01 03:30:56.965 [main] INFO  pages.BasePage - Check element with xpath exists: //div[@id = 'CartCount']/span
2020-11-01 03:30:59.711 [main] INFO  pages.UpperRightMenu - Cart icon is visible
2020-11-01 03:30:59.712 [main] INFO  pages.BasePage - Check element with xpath exists: //a[@href='/cart']
2020-11-01 03:31:00.715 [main] INFO  pages.UpperRightMenu - Login icon is visible
2020-11-01 03:31:00.715 [main] INFO  pages.BasePage - Check element with xpath exists: //a[@class='site-header__account']
2020-11-01 03:31:01.144 [main] DEBUG io.github.bonigarcia.wdm.Preferences - Preference chrome=86 (valid until 2020-11-02 03:05:28)
2020-11-01 03:31:01.145 [main] DEBUG io.github.bonigarcia.wdm.Preferences - Preference chrome86=86.0.4240.22 (valid until 2020-11-02 03:05:28)
2020-11-01 03:31:01.146 [main] INFO  io.github.bonigarcia.wdm.WebDriverManager - Using chromedriver 86.0.4240.22 (since Google Chrome 86 is installed in your machine)
2020-11-01 03:31:01.151 [main] DEBUG io.github.bonigarcia.wdm.WebDriverManager - Driver chromedriver 86.0.4240.22 found in cache
2020-11-01 03:31:01.153 [main] INFO  io.github.bonigarcia.wdm.WebDriverManager - Exporting webdriver.chrome.driver as /Users/lena/.m2/repository/webdriver/chromedriver/mac64/86.0.4240.22/chromedriver
2020-11-01 03:31:04.981 [main] INFO  pages.ContactUsPage - Contact US Page load test
2020-11-01 03:31:04.982 [main] INFO  pages.BasePage - Clicking element with xpath: //a[@class='site-nav__link site-nav__link--main'][text()='Contact us']
2020-11-01 03:31:05.282 [main] INFO  pages.BasePage - Check element with xpath exists: //h1[text()='Contact us']
2020-11-01 03:31:06.607 [main] INFO  pages.ContactUsPage - Negative test of form Contact Us
2020-11-01 03:31:06.607 [main] INFO  pages.BasePage - Clicking element with xpath: //a[@class='site-nav__link site-nav__link--main'][text()='Contact us']
2020-11-01 03:31:07.544 [main] INFO  pages.BasePage - Clicking element with xpath: //button[@id='_form_44_submit']
2020-11-01 03:31:07.626 [main] INFO  pages.BasePage - Check element with xpath exists: //div[@class='_error-inner']
2020-11-01 03:31:08.658 [main] INFO  pages.ContactUsPage - Negative test of form Contact Us
2020-11-01 03:31:08.658 [main] INFO  pages.BasePage - Clicking element with xpath: //a[@class='site-nav__link site-nav__link--main'][text()='Contact us']
2020-11-01 03:31:09.592 [main] INFO  pages.BasePage - Clicking element with xpath: //button[@id='_form_44_submit']
2020-11-01 03:31:09.675 [main] INFO  pages.BasePage - Check element with xpath exists: //div[@class='_error-inner']
2020-11-01 03:31:11.441 [main] INFO  pages.ContactUsPage - Negative test of form Contact Us
2020-11-01 03:31:11.441 [main] INFO  pages.BasePage - Clicking element with xpath: //a[@class='site-nav__link site-nav__link--main'][text()='Contact us']
2020-11-01 03:31:12.670 [main] INFO  pages.BasePage - Clicking element with xpath: //button[@id='_form_44_submit']
2020-11-01 03:31:12.887 [main] INFO  pages.BasePage - Check element with xpath exists: //div[@class='_error-inner']
2020-11-01 03:31:14.172 [main] INFO  pages.ContactUsPage - Negative test of form Contact Us
2020-11-01 03:31:14.172 [main] INFO  pages.BasePage - Clicking element with xpath: //a[@class='site-nav__link site-nav__link--main'][text()='Contact us']
2020-11-01 03:31:15.372 [main] INFO  pages.BasePage - Clicking element with xpath: //button[@id='_form_44_submit']
2020-11-01 03:31:15.567 [main] INFO  pages.BasePage - Check element with xpath exists: //div[@class='_error-inner']
2020-11-01 03:31:16.850 [main] INFO  pages.ContactUsPage - Negative test of form Contact Us
2020-11-01 03:31:16.850 [main] INFO  pages.BasePage - Clicking element with xpath: //a[@class='site-nav__link site-nav__link--main'][text()='Contact us']
2020-11-01 03:31:18.181 [main] INFO  pages.BasePage - Clicking element with xpath: //button[@id='_form_44_submit']
2020-11-01 03:31:18.243 [main] INFO  pages.BasePage - Check element with xpath exists: //div[@class='_error-inner']
2020-11-01 03:31:19.503 [main] INFO  pages.ContactUsPage - Error mail field test
2020-11-01 03:31:19.503 [main] INFO  pages.BasePage - Clicking element with xpath: //a[@class='site-nav__link site-nav__link--main'][text()='Contact us']
2020-11-01 03:31:21.048 [main] INFO  pages.BasePage - Clicking element with xpath: //button[@id='_form_44_submit']
2020-11-01 03:31:21.102 [main] INFO  pages.BasePage - Check element with xpath exists: //div[@class='_error-inner'][contains(text(), 'valid email')]
2020-11-01 03:31:22.283 [main] INFO  pages.ContactUsPage - Error mail field test
2020-11-01 03:31:22.284 [main] INFO  pages.BasePage - Clicking element with xpath: //a[@class='site-nav__link site-nav__link--main'][text()='Contact us']
2020-11-01 03:31:24.043 [main] INFO  pages.BasePage - Clicking element with xpath: //button[@id='_form_44_submit']
2020-11-01 03:31:24.246 [main] INFO  pages.BasePage - Check element with xpath exists: //div[@class='_error-inner'][contains(text(), 'valid email')]
2020-11-01 03:31:25.463 [main] INFO  pages.ContactUsPage - Error mail field test
2020-11-01 03:31:25.464 [main] INFO  pages.BasePage - Clicking element with xpath: //a[@class='site-nav__link site-nav__link--main'][text()='Contact us']
2020-11-01 03:31:27.172 [main] INFO  pages.BasePage - Clicking element with xpath: //button[@id='_form_44_submit']
2020-11-01 03:31:27.267 [main] INFO  pages.BasePage - Check element with xpath exists: //div[@class='_error-inner'][contains(text(), 'valid email')]
2020-11-01 03:31:27.808 [main] DEBUG io.github.bonigarcia.wdm.Preferences - Preference chrome=86 (valid until 2020-11-02 03:05:28)
2020-11-01 03:31:27.810 [main] DEBUG io.github.bonigarcia.wdm.Preferences - Preference chrome86=86.0.4240.22 (valid until 2020-11-02 03:05:28)
2020-11-01 03:31:27.810 [main] INFO  io.github.bonigarcia.wdm.WebDriverManager - Using chromedriver 86.0.4240.22 (since Google Chrome 86 is installed in your machine)
2020-11-01 03:31:27.816 [main] DEBUG io.github.bonigarcia.wdm.WebDriverManager - Driver chromedriver 86.0.4240.22 found in cache
2020-11-01 03:31:27.817 [main] INFO  io.github.bonigarcia.wdm.WebDriverManager - Exporting webdriver.chrome.driver as /Users/lena/.m2/repository/webdriver/chromedriver/mac64/86.0.4240.22/chromedriver
2020-11-01 03:31:32.231 [main] INFO  LoginPageTest - Reset password page test
2020-11-01 03:31:32.231 [main] INFO  pages.BasePage - Clicking element with xpath: //a[@id='RecoverPassword']
2020-11-01 03:31:32.324 [main] INFO  pages.BasePage - Check element with xpath exists: //h2[text()='Reset your password']
2020-11-01 03:31:33.762 [main] INFO  LoginPageTest - Login page is loaded
2020-11-01 03:31:33.762 [main] INFO  pages.BasePage - Clicking element with xpath: //a[@class='site-header__account']
2020-11-01 03:31:34.914 [main] INFO  pages.BasePage - Check element with xpath exists: //h1[text()='Login']
2020-11-01 03:31:36.608 [main] INFO  LoginPageTest - Creative account fills
2020-11-01 03:31:36.609 [main] INFO  pages.BasePage - Clicking element with xpath: //a[@id='customer_register_link']
2020-11-01 03:31:37.742 [main] INFO  pages.BasePage - Clicking element with xpath: //input[@type='submit']
2020-11-01 03:31:38.953 [main] INFO  LoginPageTest - Creative account page is opened and loaded
2020-11-01 03:31:38.953 [main] INFO  pages.BasePage - Clicking element with xpath: //a[@id='customer_register_link']
2020-11-01 03:31:39.715 [main] INFO  pages.BasePage - Check element with xpath exists: //h1[text()='Create Account']
